--> Wrapper Started as Console
Launching a JVM...
Starting the Mule Container...
Wrapper (Version 3.2.3) http://wrapper.tanukisoftware.org
  Copyright 1999-2006 Tanuki Software, Inc.  All Rights Reserved.

INFO  2017-07-11 08:14:36,935 [WrapperListener_start_runner] org.mule.module.launcher.MuleContainer: 
**********************************************************************
* Mule ESB and Integration Platform                                  *
* Version: 3.6.1 Build: b795785f                                     *
* MuleSoft, Inc.                                                     *
* For more information go to http://www.mulesoft.org                 *
*                                                                    *
* Server started: 7/11/17 8:14 AM                                    *
* JDK: 1.7.0_80 (mixed mode)                                         *
* OS: Linux (3.13.0-119-generic, amd64)                              *
* Host: 275c4dcbe5a1 (192.17.0.20)                                   *
**********************************************************************
INFO  2017-07-11 08:14:36,939 [WrapperListener_start_runner] org.mule.module.launcher.coreextension.DefaultMuleCoreExtensionManager: Initializing core extensions
INFO  2017-07-11 08:14:36,939 [WrapperListener_start_runner] org.mule.module.launcher.coreextension.DefaultMuleCoreExtensionManager: Starting core extensions
INFO  2017-07-11 08:14:36,970 [WrapperListener_start_runner] org.mule.module.launcher.DefaultArchiveDeployer: ================== New Exploded Artifact: default
INFO  2017-07-11 08:14:36,979 [WrapperListener_start_runner] org.mule.module.launcher.MuleSharedDomainClassLoader: Using domain dir /opt/mule/domains/default for domain default
INFO  2017-07-11 08:14:37,063 [WrapperListener_start_runner] org.mule.module.launcher.MuleDeploymentService: 
++++++++++++++++++++++++++++++++++++++++++++++++++++++++++++
+ Started domain 'default'                                 +
++++++++++++++++++++++++++++++++++++++++++++++++++++++++++++
INFO  2017-07-11 08:14:37,072 [WrapperListener_start_runner] org.mule.module.launcher.DefaultArchiveDeployer: ================== New Exploded Artifact: orquestrating_ms
INFO  2017-07-11 08:14:37,149 [WrapperListener_start_runner] org.mule.module.launcher.application.DefaultMuleApplication: 
++++++++++++++++++++++++++++++++++++++++++++++++++++++++++++
+ New app 'orquestrating_ms'                               +
++++++++++++++++++++++++++++++++++++++++++++++++++++++++++++
INFO  2017-07-11 08:14:37,159 [WrapperListener_start_runner] org.mule.module.launcher.MuleApplicationClassLoader: [orquestrating_ms] Loading the following jars:
=============================
file:/opt/mule/apps/orquestrating_ms/lib/mysql-connector-java-5.1.42-bin.jar
=============================

INFO  2017-07-11 08:14:44,585 [WrapperListener_start_runner] org.mule.module.launcher.MuleDeploymentService: 
++++++++++++++++++++++++++++++++++++++++++++++++++++++++++++
+ Started app 'orquestrating_ms'                           +
++++++++++++++++++++++++++++++++++++++++++++++++++++++++++++
INFO  2017-07-11 08:14:44,590 [WrapperListener_start_runner] org.mule.module.launcher.DeploymentDirectoryWatcher: 
++++++++++++++++++++++++++++++++++++++++++++++++++++++++++++
+ Mule is up and kicking (every 5000ms)                    +
++++++++++++++++++++++++++++++++++++++++++++++++++++++++++++
INFO  2017-07-11 08:14:44,703 [WrapperListener_start_runner] org.mule.module.launcher.StartupSummaryDeploymentListener: 
**********************************************************************
*              - - + DOMAIN + - -               * - - + STATUS + - - *
**********************************************************************
* default                                       * DEPLOYED           *
**********************************************************************

*******************************************************************************************************
*            - - + APPLICATION + - -            *       - - + DOMAIN + - -       * - - + STATUS + - - *
*******************************************************************************************************
* orquestrating_ms                              * default                        * DEPLOYED           *
*******************************************************************************************************

--> Wrapper Started as Console
Launching a JVM...
Starting the Mule Container...
Wrapper (Version 3.2.3) http://wrapper.tanukisoftware.org
  Copyright 1999-2006 Tanuki Software, Inc.  All Rights Reserved.

INFO  2017-07-11 10:35:33,793 [WrapperListener_start_runner] org.mule.module.launcher.MuleContainer: 
**********************************************************************
* Mule ESB and Integration Platform                                  *
* Version: 3.6.1 Build: b795785f                                     *
* MuleSoft, Inc.                                                     *
* For more information go to http://www.mulesoft.org                 *
*                                                                    *
* Server started: 7/11/17 10:35 AM                                   *
* JDK: 1.7.0_80 (mixed mode)                                         *
* OS: Linux (3.13.0-119-generic, amd64)                              *
* Host: docker-host (127.0.0.1)                                      *
**********************************************************************
INFO  2017-07-11 10:35:33,798 [WrapperListener_start_runner] org.mule.module.launcher.coreextension.DefaultMuleCoreExtensionManager: Initializing core extensions
INFO  2017-07-11 10:35:33,799 [WrapperListener_start_runner] org.mule.module.launcher.coreextension.DefaultMuleCoreExtensionManager: Starting core extensions
INFO  2017-07-11 10:35:33,830 [WrapperListener_start_runner] org.mule.module.launcher.DefaultArchiveDeployer: ================== New Exploded Artifact: default
INFO  2017-07-11 10:35:33,838 [WrapperListener_start_runner] org.mule.module.launcher.MuleSharedDomainClassLoader: Using domain dir /opt/mule/domains/default for domain default
INFO  2017-07-11 10:35:33,943 [WrapperListener_start_runner] org.mule.module.launcher.MuleDeploymentService: 
++++++++++++++++++++++++++++++++++++++++++++++++++++++++++++
+ Started domain 'default'                                 +
++++++++++++++++++++++++++++++++++++++++++++++++++++++++++++
INFO  2017-07-11 10:35:33,956 [WrapperListener_start_runner] org.mule.module.launcher.DefaultArchiveDeployer: ================== New Exploded Artifact: orquestrating_ms
INFO  2017-07-11 10:35:34,003 [WrapperListener_start_runner] org.mule.module.launcher.application.DefaultMuleApplication: 
++++++++++++++++++++++++++++++++++++++++++++++++++++++++++++
+ New app 'orquestrating_ms'                               +
++++++++++++++++++++++++++++++++++++++++++++++++++++++++++++
INFO  2017-07-11 10:35:34,012 [WrapperListener_start_runner] org.mule.module.launcher.MuleApplicationClassLoader: [orquestrating_ms] Loading the following jars:
=============================
file:/opt/mule/apps/orquestrating_ms/lib/mysql-connector-java-5.1.42-bin.jar
=============================

INFO  2017-07-11 10:35:39,844 [WrapperListener_start_runner] org.mule.module.launcher.MuleDeploymentService: 
++++++++++++++++++++++++++++++++++++++++++++++++++++++++++++
+ Started app 'orquestrating_ms'                           +
++++++++++++++++++++++++++++++++++++++++++++++++++++++++++++
INFO  2017-07-11 10:35:39,855 [WrapperListener_start_runner] org.mule.module.launcher.DeploymentDirectoryWatcher: 
++++++++++++++++++++++++++++++++++++++++++++++++++++++++++++
+ Mule is up and kicking (every 5000ms)                    +
++++++++++++++++++++++++++++++++++++++++++++++++++++++++++++
INFO  2017-07-11 10:35:39,948 [WrapperListener_start_runner] org.mule.module.launcher.StartupSummaryDeploymentListener: 
**********************************************************************
*              - - + DOMAIN + - -               * - - + STATUS + - - *
**********************************************************************
* default                                       * DEPLOYED           *
**********************************************************************

*******************************************************************************************************
*            - - + APPLICATION + - -            *       - - + DOMAIN + - -       * - - + STATUS + - - *
*******************************************************************************************************
* orquestrating_ms                              * default                        * DEPLOYED           *
*******************************************************************************************************

--> Wrapper Started as Console
Launching a JVM...
Starting the Mule Container...
Wrapper (Version 3.2.3) http://wrapper.tanukisoftware.org
  Copyright 1999-2006 Tanuki Software, Inc.  All Rights Reserved.

INFO  2017-07-11 10:57:19,545 [WrapperListener_start_runner] org.mule.module.launcher.MuleContainer: 
**********************************************************************
* Mule ESB and Integration Platform                                  *
* Version: 3.6.1 Build: b795785f                                     *
* MuleSoft, Inc.                                                     *
* For more information go to http://www.mulesoft.org                 *
*                                                                    *
* Server started: 7/11/17 10:57 AM                                   *
* JDK: 1.7.0_80 (mixed mode)                                         *
* OS: Linux (3.13.0-119-generic, amd64)                              *
* Host: d274f5c9f187 (192.17.0.20)                                   *
**********************************************************************
INFO  2017-07-11 10:57:19,548 [WrapperListener_start_runner] org.mule.module.launcher.coreextension.DefaultMuleCoreExtensionManager: Initializing core extensions
INFO  2017-07-11 10:57:19,548 [WrapperListener_start_runner] org.mule.module.launcher.coreextension.DefaultMuleCoreExtensionManager: Starting core extensions
INFO  2017-07-11 10:57:19,560 [WrapperListener_start_runner] org.mule.module.launcher.DefaultArchiveDeployer: ================== New Exploded Artifact: default
INFO  2017-07-11 10:57:19,566 [WrapperListener_start_runner] org.mule.module.launcher.MuleSharedDomainClassLoader: Using domain dir /opt/mule/domains/default for domain default
INFO  2017-07-11 10:57:19,664 [WrapperListener_start_runner] org.mule.module.launcher.MuleDeploymentService: 
++++++++++++++++++++++++++++++++++++++++++++++++++++++++++++
+ Started domain 'default'                                 +
++++++++++++++++++++++++++++++++++++++++++++++++++++++++++++
INFO  2017-07-11 10:57:19,672 [WrapperListener_start_runner] org.mule.module.launcher.DefaultArchiveDeployer: ================== New Exploded Artifact: orquestrating_ms
INFO  2017-07-11 10:57:19,712 [WrapperListener_start_runner] org.mule.module.launcher.application.DefaultMuleApplication: 
++++++++++++++++++++++++++++++++++++++++++++++++++++++++++++
+ New app 'orquestrating_ms'                               +
++++++++++++++++++++++++++++++++++++++++++++++++++++++++++++
INFO  2017-07-11 10:57:19,720 [WrapperListener_start_runner] org.mule.module.launcher.MuleApplicationClassLoader: [orquestrating_ms] Loading the following jars:
=============================
file:/opt/mule/apps/orquestrating_ms/lib/mysql-connector-java-5.1.42-bin.jar
=============================

INFO  2017-07-11 10:57:24,681 [WrapperListener_start_runner] org.mule.module.launcher.MuleDeploymentService: 
++++++++++++++++++++++++++++++++++++++++++++++++++++++++++++
+ Started app 'orquestrating_ms'                           +
++++++++++++++++++++++++++++++++++++++++++++++++++++++++++++
INFO  2017-07-11 10:57:24,687 [WrapperListener_start_runner] org.mule.module.launcher.DeploymentDirectoryWatcher: 
++++++++++++++++++++++++++++++++++++++++++++++++++++++++++++
+ Mule is up and kicking (every 5000ms)                    +
++++++++++++++++++++++++++++++++++++++++++++++++++++++++++++
INFO  2017-07-11 10:57:24,785 [WrapperListener_start_runner] org.mule.module.launcher.StartupSummaryDeploymentListener: 
**********************************************************************
*              - - + DOMAIN + - -               * - - + STATUS + - - *
**********************************************************************
* default                                       * DEPLOYED           *
**********************************************************************

*******************************************************************************************************
*            - - + APPLICATION + - -            *       - - + DOMAIN + - -       * - - + STATUS + - - *
*******************************************************************************************************
* orquestrating_ms                              * default                        * DEPLOYED           *
*******************************************************************************************************

--> Wrapper Started as Console
Launching a JVM...
Starting the Mule Container...
Wrapper (Version 3.2.3) http://wrapper.tanukisoftware.org
  Copyright 1999-2006 Tanuki Software, Inc.  All Rights Reserved.

INFO  2017-07-11 11:18:29,541 [WrapperListener_start_runner] org.mule.module.launcher.MuleContainer: 
**********************************************************************
* Mule ESB and Integration Platform                                  *
* Version: 3.6.1 Build: b795785f                                     *
* MuleSoft, Inc.                                                     *
* For more information go to http://www.mulesoft.org                 *
*                                                                    *
* Server started: 7/11/17 11:18 AM                                   *
* JDK: 1.7.0_80 (mixed mode)                                         *
* OS: Linux (3.13.0-119-generic, amd64)                              *
* Host: ecc566cea0f2 (192.17.0.20)                                   *
**********************************************************************
INFO  2017-07-11 11:18:29,545 [WrapperListener_start_runner] org.mule.module.launcher.coreextension.DefaultMuleCoreExtensionManager: Initializing core extensions
INFO  2017-07-11 11:18:29,546 [WrapperListener_start_runner] org.mule.module.launcher.coreextension.DefaultMuleCoreExtensionManager: Starting core extensions
INFO  2017-07-11 11:18:29,575 [WrapperListener_start_runner] org.mule.module.launcher.DefaultArchiveDeployer: ================== New Exploded Artifact: default
INFO  2017-07-11 11:18:29,582 [WrapperListener_start_runner] org.mule.module.launcher.MuleSharedDomainClassLoader: Using domain dir /opt/mule/domains/default for domain default
INFO  2017-07-11 11:18:29,668 [WrapperListener_start_runner] org.mule.module.launcher.MuleDeploymentService: 
++++++++++++++++++++++++++++++++++++++++++++++++++++++++++++
+ Started domain 'default'                                 +
++++++++++++++++++++++++++++++++++++++++++++++++++++++++++++
INFO  2017-07-11 11:18:29,677 [WrapperListener_start_runner] org.mule.module.launcher.DefaultArchiveDeployer: ================== New Exploded Artifact: orquestrating_ms
INFO  2017-07-11 11:18:29,715 [WrapperListener_start_runner] org.mule.module.launcher.application.DefaultMuleApplication: 
++++++++++++++++++++++++++++++++++++++++++++++++++++++++++++
+ New app 'orquestrating_ms'                               +
++++++++++++++++++++++++++++++++++++++++++++++++++++++++++++
INFO  2017-07-11 11:18:29,726 [WrapperListener_start_runner] org.mule.module.launcher.MuleApplicationClassLoader: [orquestrating_ms] Loading the following jars:
=============================
file:/opt/mule/apps/orquestrating_ms/lib/mysql-connector-java-5.1.42-bin.jar
=============================

INFO  2017-07-11 11:18:35,985 [WrapperListener_start_runner] org.mule.module.launcher.MuleDeploymentService: 
++++++++++++++++++++++++++++++++++++++++++++++++++++++++++++
+ Started app 'orquestrating_ms'                           +
++++++++++++++++++++++++++++++++++++++++++++++++++++++++++++
INFO  2017-07-11 11:18:35,990 [WrapperListener_start_runner] org.mule.module.launcher.DeploymentDirectoryWatcher: 
++++++++++++++++++++++++++++++++++++++++++++++++++++++++++++
+ Mule is up and kicking (every 5000ms)                    +
++++++++++++++++++++++++++++++++++++++++++++++++++++++++++++
INFO  2017-07-11 11:18:36,127 [WrapperListener_start_runner] org.mule.module.launcher.StartupSummaryDeploymentListener: 
**********************************************************************
*              - - + DOMAIN + - -               * - - + STATUS + - - *
**********************************************************************
* default                                       * DEPLOYED           *
**********************************************************************

*******************************************************************************************************
*            - - + APPLICATION + - -            *       - - + DOMAIN + - -       * - - + STATUS + - - *
*******************************************************************************************************
* orquestrating_ms                              * default                        * DEPLOYED           *
*******************************************************************************************************

--> Wrapper Started as Console
Launching a JVM...
Starting the Mule Container...
Wrapper (Version 3.2.3) http://wrapper.tanukisoftware.org
  Copyright 1999-2006 Tanuki Software, Inc.  All Rights Reserved.

INFO  2017-07-11 11:49:12,045 [WrapperListener_start_runner] org.mule.module.launcher.MuleContainer: 
**********************************************************************
* Mule ESB and Integration Platform                                  *
* Version: 3.6.1 Build: b795785f                                     *
* MuleSoft, Inc.                                                     *
* For more information go to http://www.mulesoft.org                 *
*                                                                    *
* Server started: 7/11/17 11:49 AM                                   *
* JDK: 1.7.0_80 (mixed mode)                                         *
* OS: Linux (3.13.0-119-generic, amd64)                              *
* Host: f4f9cc2eea9f (172.17.0.3)                                    *
**********************************************************************
INFO  2017-07-11 11:49:12,051 [WrapperListener_start_runner] org.mule.module.launcher.coreextension.DefaultMuleCoreExtensionManager: Initializing core extensions
INFO  2017-07-11 11:49:12,051 [WrapperListener_start_runner] org.mule.module.launcher.coreextension.DefaultMuleCoreExtensionManager: Starting core extensions
INFO  2017-07-11 11:49:12,063 [WrapperListener_start_runner] org.mule.module.launcher.DefaultArchiveDeployer: ================== New Exploded Artifact: default
INFO  2017-07-11 11:49:12,068 [WrapperListener_start_runner] org.mule.module.launcher.MuleSharedDomainClassLoader: Using domain dir /opt/mule/domains/default for domain default
INFO  2017-07-11 11:49:12,154 [WrapperListener_start_runner] org.mule.module.launcher.MuleDeploymentService: 
++++++++++++++++++++++++++++++++++++++++++++++++++++++++++++
+ Started domain 'default'                                 +
++++++++++++++++++++++++++++++++++++++++++++++++++++++++++++
INFO  2017-07-11 11:49:12,162 [WrapperListener_start_runner] org.mule.module.launcher.DefaultArchiveDeployer: ================== New Exploded Artifact: orquestrating_ms
INFO  2017-07-11 11:49:12,198 [WrapperListener_start_runner] org.mule.module.launcher.application.DefaultMuleApplication: 
++++++++++++++++++++++++++++++++++++++++++++++++++++++++++++
+ New app 'orquestrating_ms'                               +
++++++++++++++++++++++++++++++++++++++++++++++++++++++++++++
INFO  2017-07-11 11:49:12,208 [WrapperListener_start_runner] org.mule.module.launcher.MuleApplicationClassLoader: [orquestrating_ms] Loading the following jars:
=============================
file:/opt/mule/apps/orquestrating_ms/lib/mysql-connector-java-5.1.42-bin.jar
=============================

INFO  2017-07-11 11:49:16,829 [WrapperListener_start_runner] org.mule.module.launcher.MuleDeploymentService: 
++++++++++++++++++++++++++++++++++++++++++++++++++++++++++++
+ Started app 'orquestrating_ms'                           +
++++++++++++++++++++++++++++++++++++++++++++++++++++++++++++
INFO  2017-07-11 11:49:16,835 [WrapperListener_start_runner] org.mule.module.launcher.DeploymentDirectoryWatcher: 
++++++++++++++++++++++++++++++++++++++++++++++++++++++++++++
+ Mule is up and kicking (every 5000ms)                    +
++++++++++++++++++++++++++++++++++++++++++++++++++++++++++++
INFO  2017-07-11 11:49:16,928 [WrapperListener_start_runner] org.mule.module.launcher.StartupSummaryDeploymentListener: 
**********************************************************************
*              - - + DOMAIN + - -               * - - + STATUS + - - *
**********************************************************************
* default                                       * DEPLOYED           *
**********************************************************************

*******************************************************************************************************
*            - - + APPLICATION + - -            *       - - + DOMAIN + - -       * - - + STATUS + - - *
*******************************************************************************************************
* orquestrating_ms                              * default                        * DEPLOYED           *
*******************************************************************************************************

--> Wrapper Started as Console
Launching a JVM...
Starting the Mule Container...
Wrapper (Version 3.2.3) http://wrapper.tanukisoftware.org
  Copyright 1999-2006 Tanuki Software, Inc.  All Rights Reserved.

INFO  2017-07-12 08:07:42,568 [WrapperListener_start_runner] org.mule.module.launcher.MuleContainer: 
**********************************************************************
* Mule ESB and Integration Platform                                  *
* Version: 3.6.1 Build: b795785f                                     *
* MuleSoft, Inc.                                                     *
* For more information go to http://www.mulesoft.org                 *
*                                                                    *
* Server started: 7/12/17 8:07 AM                                    *
* JDK: 1.7.0_80 (mixed mode)                                         *
* OS: Linux (3.13.0-119-generic, amd64)                              *
* Host: b485e0d9a61f (172.17.0.3)                                    *
**********************************************************************
INFO  2017-07-12 08:07:42,579 [WrapperListener_start_runner] org.mule.module.launcher.coreextension.DefaultMuleCoreExtensionManager: Initializing core extensions
INFO  2017-07-12 08:07:42,579 [WrapperListener_start_runner] org.mule.module.launcher.coreextension.DefaultMuleCoreExtensionManager: Starting core extensions
INFO  2017-07-12 08:07:42,614 [WrapperListener_start_runner] org.mule.module.launcher.DefaultArchiveDeployer: ================== New Exploded Artifact: default
INFO  2017-07-12 08:07:42,621 [WrapperListener_start_runner] org.mule.module.launcher.MuleSharedDomainClassLoader: Using domain dir /opt/mule/domains/default for domain default
INFO  2017-07-12 08:07:42,708 [WrapperListener_start_runner] org.mule.module.launcher.MuleDeploymentService: 
++++++++++++++++++++++++++++++++++++++++++++++++++++++++++++
+ Started domain 'default'                                 +
++++++++++++++++++++++++++++++++++++++++++++++++++++++++++++
INFO  2017-07-12 08:07:42,717 [WrapperListener_start_runner] org.mule.module.launcher.DefaultArchiveDeployer: ================== New Exploded Artifact: orquestrating_ms
INFO  2017-07-12 08:07:42,803 [WrapperListener_start_runner] org.mule.module.launcher.application.DefaultMuleApplication: 
++++++++++++++++++++++++++++++++++++++++++++++++++++++++++++
+ New app 'orquestrating_ms'                               +
++++++++++++++++++++++++++++++++++++++++++++++++++++++++++++
INFO  2017-07-12 08:07:42,836 [WrapperListener_start_runner] org.mule.module.launcher.MuleApplicationClassLoader: [orquestrating_ms] Loading the following jars:
=============================
file:/opt/mule/apps/orquestrating_ms/lib/mysql-connector-java-5.1.42-bin.jar
=============================

INFO  2017-07-12 08:07:48,781 [WrapperListener_start_runner] org.mule.module.launcher.MuleDeploymentService: 
++++++++++++++++++++++++++++++++++++++++++++++++++++++++++++
+ Started app 'orquestrating_ms'                           +
++++++++++++++++++++++++++++++++++++++++++++++++++++++++++++
INFO  2017-07-12 08:07:48,787 [WrapperListener_start_runner] org.mule.module.launcher.DeploymentDirectoryWatcher: 
++++++++++++++++++++++++++++++++++++++++++++++++++++++++++++
+ Mule is up and kicking (every 5000ms)                    +
++++++++++++++++++++++++++++++++++++++++++++++++++++++++++++
INFO  2017-07-12 08:07:48,913 [WrapperListener_start_runner] org.mule.module.launcher.StartupSummaryDeploymentListener: 
**********************************************************************
*              - - + DOMAIN + - -               * - - + STATUS + - - *
**********************************************************************
* default                                       * DEPLOYED           *
**********************************************************************

*******************************************************************************************************
*            - - + APPLICATION + - -            *       - - + DOMAIN + - -       * - - + STATUS + - - *
*******************************************************************************************************
* orquestrating_ms                              * default                        * DEPLOYED           *
*******************************************************************************************************

--> Wrapper Started as Console
Launching a JVM...
Starting the Mule Container...
Wrapper (Version 3.2.3) http://wrapper.tanukisoftware.org
  Copyright 1999-2006 Tanuki Software, Inc.  All Rights Reserved.

INFO  2017-07-12 08:22:24,201 [WrapperListener_start_runner] org.mule.module.launcher.MuleContainer: 
**********************************************************************
* Mule ESB and Integration Platform                                  *
* Version: 3.6.1 Build: b795785f                                     *
* MuleSoft, Inc.                                                     *
* For more information go to http://www.mulesoft.org                 *
*                                                                    *
* Server started: 7/12/17 8:22 AM                                    *
* JDK: 1.7.0_80 (mixed mode)                                         *
* OS: Linux (3.13.0-119-generic, amd64)                              *
* Host: 56b026533658 (172.17.0.2)                                    *
**********************************************************************
INFO  2017-07-12 08:22:24,203 [WrapperListener_start_runner] org.mule.module.launcher.coreextension.DefaultMuleCoreExtensionManager: Initializing core extensions
INFO  2017-07-12 08:22:24,203 [WrapperListener_start_runner] org.mule.module.launcher.coreextension.DefaultMuleCoreExtensionManager: Starting core extensions
INFO  2017-07-12 08:22:24,214 [WrapperListener_start_runner] org.mule.module.launcher.DefaultArchiveDeployer: ================== New Exploded Artifact: default
INFO  2017-07-12 08:22:24,220 [WrapperListener_start_runner] org.mule.module.launcher.MuleSharedDomainClassLoader: Using domain dir /opt/mule/domains/default for domain default
INFO  2017-07-12 08:22:24,299 [WrapperListener_start_runner] org.mule.module.launcher.MuleDeploymentService: 
++++++++++++++++++++++++++++++++++++++++++++++++++++++++++++
+ Started domain 'default'                                 +
++++++++++++++++++++++++++++++++++++++++++++++++++++++++++++
INFO  2017-07-12 08:22:24,307 [WrapperListener_start_runner] org.mule.module.launcher.DefaultArchiveDeployer: ================== New Exploded Artifact: orquestrating_ms
INFO  2017-07-12 08:22:24,338 [WrapperListener_start_runner] org.mule.module.launcher.application.DefaultMuleApplication: 
++++++++++++++++++++++++++++++++++++++++++++++++++++++++++++
+ New app 'orquestrating_ms'                               +
++++++++++++++++++++++++++++++++++++++++++++++++++++++++++++
INFO  2017-07-12 08:22:24,346 [WrapperListener_start_runner] org.mule.module.launcher.MuleApplicationClassLoader: [orquestrating_ms] Loading the following jars:
=============================
file:/opt/mule/apps/orquestrating_ms/lib/mysql-connector-java-5.1.42-bin.jar
=============================

INFO  2017-07-12 08:22:28,679 [WrapperListener_start_runner] org.mule.module.launcher.MuleDeploymentService: 
++++++++++++++++++++++++++++++++++++++++++++++++++++++++++++
+ Started app 'orquestrating_ms'                           +
++++++++++++++++++++++++++++++++++++++++++++++++++++++++++++
INFO  2017-07-12 08:22:28,686 [WrapperListener_start_runner] org.mule.module.launcher.DeploymentDirectoryWatcher: 
++++++++++++++++++++++++++++++++++++++++++++++++++++++++++++
+ Mule is up and kicking (every 5000ms)                    +
++++++++++++++++++++++++++++++++++++++++++++++++++++++++++++
INFO  2017-07-12 08:22:28,778 [WrapperListener_start_runner] org.mule.module.launcher.StartupSummaryDeploymentListener: 
**********************************************************************
*              - - + DOMAIN + - -               * - - + STATUS + - - *
**********************************************************************
* default                                       * DEPLOYED           *
**********************************************************************

*******************************************************************************************************
*            - - + APPLICATION + - -            *       - - + DOMAIN + - -       * - - + STATUS + - - *
*******************************************************************************************************
* orquestrating_ms                              * default                        * DEPLOYED           *
*******************************************************************************************************

--> Wrapper Started as Console
Launching a JVM...
Starting the Mule Container...
Wrapper (Version 3.2.3) http://wrapper.tanukisoftware.org
  Copyright 1999-2006 Tanuki Software, Inc.  All Rights Reserved.

INFO  2017-07-12 09:01:27,926 [WrapperListener_start_runner] org.mule.module.launcher.MuleContainer: 
**********************************************************************
* Mule ESB and Integration Platform                                  *
* Version: 3.6.1 Build: b795785f                                     *
* MuleSoft, Inc.                                                     *
* For more information go to http://www.mulesoft.org                 *
*                                                                    *
* Server started: 7/12/17 9:01 AM                                    *
* JDK: 1.7.0_80 (mixed mode)                                         *
* OS: Linux (3.13.0-119-generic, amd64)                              *
* Host: 425c446c404d (172.17.0.2)                                    *
**********************************************************************
INFO  2017-07-12 09:01:27,930 [WrapperListener_start_runner] org.mule.module.launcher.coreextension.DefaultMuleCoreExtensionManager: Initializing core extensions
INFO  2017-07-12 09:01:27,931 [WrapperListener_start_runner] org.mule.module.launcher.coreextension.DefaultMuleCoreExtensionManager: Starting core extensions
INFO  2017-07-12 09:01:27,944 [WrapperListener_start_runner] org.mule.module.launcher.DefaultArchiveDeployer: ================== New Exploded Artifact: default
INFO  2017-07-12 09:01:27,950 [WrapperListener_start_runner] org.mule.module.launcher.MuleSharedDomainClassLoader: Using domain dir /opt/mule/domains/default for domain default
INFO  2017-07-12 09:01:28,035 [WrapperListener_start_runner] org.mule.module.launcher.MuleDeploymentService: 
++++++++++++++++++++++++++++++++++++++++++++++++++++++++++++
+ Started domain 'default'                                 +
++++++++++++++++++++++++++++++++++++++++++++++++++++++++++++
INFO  2017-07-12 09:01:28,043 [WrapperListener_start_runner] org.mule.module.launcher.DefaultArchiveDeployer: ================== New Exploded Artifact: orquestrating_ms
INFO  2017-07-12 09:01:28,077 [WrapperListener_start_runner] org.mule.module.launcher.application.DefaultMuleApplication: 
++++++++++++++++++++++++++++++++++++++++++++++++++++++++++++
+ New app 'orquestrating_ms'                               +
++++++++++++++++++++++++++++++++++++++++++++++++++++++++++++
INFO  2017-07-12 09:01:28,087 [WrapperListener_start_runner] org.mule.module.launcher.MuleApplicationClassLoader: [orquestrating_ms] Loading the following jars:
=============================
file:/opt/mule/apps/orquestrating_ms/lib/mysql-connector-java-5.1.42-bin.jar
=============================

INFO  2017-07-12 09:01:33,116 [WrapperListener_start_runner] org.mule.module.launcher.MuleDeploymentService: 
++++++++++++++++++++++++++++++++++++++++++++++++++++++++++++
+ Started app 'orquestrating_ms'                           +
++++++++++++++++++++++++++++++++++++++++++++++++++++++++++++
INFO  2017-07-12 09:01:33,124 [WrapperListener_start_runner] org.mule.module.launcher.DeploymentDirectoryWatcher: 
++++++++++++++++++++++++++++++++++++++++++++++++++++++++++++
+ Mule is up and kicking (every 5000ms)                    +
++++++++++++++++++++++++++++++++++++++++++++++++++++++++++++
INFO  2017-07-12 09:01:33,229 [WrapperListener_start_runner] org.mule.module.launcher.StartupSummaryDeploymentListener: 
**********************************************************************
*              - - + DOMAIN + - -               * - - + STATUS + - - *
**********************************************************************
* default                                       * DEPLOYED           *
**********************************************************************

*******************************************************************************************************
*            - - + APPLICATION + - -            *       - - + DOMAIN + - -       * - - + STATUS + - - *
*******************************************************************************************************
* orquestrating_ms                              * default                        * DEPLOYED           *
*******************************************************************************************************

--> Wrapper Started as Console
Launching a JVM...
Starting the Mule Container...
Wrapper (Version 3.2.3) http://wrapper.tanukisoftware.org
  Copyright 1999-2006 Tanuki Software, Inc.  All Rights Reserved.

INFO  2017-07-12 11:00:59,060 [WrapperListener_start_runner] org.mule.module.launcher.MuleContainer: 
**********************************************************************
* Mule ESB and Integration Platform                                  *
* Version: 3.6.1 Build: b795785f                                     *
* MuleSoft, Inc.                                                     *
* For more information go to http://www.mulesoft.org                 *
*                                                                    *
* Server started: 7/12/17 11:00 AM                                   *
* JDK: 1.7.0_80 (mixed mode)                                         *
* OS: Linux (3.13.0-119-generic, amd64)                              *
* Host: 38310f3ee8aa (172.21.0.2)                                    *
**********************************************************************
INFO  2017-07-12 11:00:59,065 [WrapperListener_start_runner] org.mule.module.launcher.coreextension.DefaultMuleCoreExtensionManager: Initializing core extensions
INFO  2017-07-12 11:00:59,065 [WrapperListener_start_runner] org.mule.module.launcher.coreextension.DefaultMuleCoreExtensionManager: Starting core extensions
INFO  2017-07-12 11:00:59,088 [WrapperListener_start_runner] org.mule.module.launcher.DefaultArchiveDeployer: ================== New Exploded Artifact: default
INFO  2017-07-12 11:00:59,096 [WrapperListener_start_runner] org.mule.module.launcher.MuleSharedDomainClassLoader: Using domain dir /opt/mule/domains/default for domain default
INFO  2017-07-12 11:00:59,181 [WrapperListener_start_runner] org.mule.module.launcher.MuleDeploymentService: 
++++++++++++++++++++++++++++++++++++++++++++++++++++++++++++
+ Started domain 'default'                                 +
++++++++++++++++++++++++++++++++++++++++++++++++++++++++++++
INFO  2017-07-12 11:00:59,189 [WrapperListener_start_runner] org.mule.module.launcher.DefaultArchiveDeployer: ================== New Exploded Artifact: orquestrating_ms
INFO  2017-07-12 11:00:59,249 [WrapperListener_start_runner] org.mule.module.launcher.application.DefaultMuleApplication: 
++++++++++++++++++++++++++++++++++++++++++++++++++++++++++++
+ New app 'orquestrating_ms'                               +
++++++++++++++++++++++++++++++++++++++++++++++++++++++++++++
INFO  2017-07-12 11:00:59,259 [WrapperListener_start_runner] org.mule.module.launcher.MuleApplicationClassLoader: [orquestrating_ms] Loading the following jars:
=============================
file:/opt/mule/apps/orquestrating_ms/lib/mysql-connector-java-5.1.42-bin.jar
=============================

INFO  2017-07-12 11:01:04,747 [WrapperListener_start_runner] org.mule.module.launcher.MuleDeploymentService: 
++++++++++++++++++++++++++++++++++++++++++++++++++++++++++++
+ Started app 'orquestrating_ms'                           +
++++++++++++++++++++++++++++++++++++++++++++++++++++++++++++
INFO  2017-07-12 11:01:04,753 [WrapperListener_start_runner] org.mule.module.launcher.DeploymentDirectoryWatcher: 
++++++++++++++++++++++++++++++++++++++++++++++++++++++++++++
+ Mule is up and kicking (every 5000ms)                    +
++++++++++++++++++++++++++++++++++++++++++++++++++++++++++++
INFO  2017-07-12 11:01:04,855 [WrapperListener_start_runner] org.mule.module.launcher.StartupSummaryDeploymentListener: 
**********************************************************************
*              - - + DOMAIN + - -               * - - + STATUS + - - *
**********************************************************************
* default                                       * DEPLOYED           *
**********************************************************************

*******************************************************************************************************
*            - - + APPLICATION + - -            *       - - + DOMAIN + - -       * - - + STATUS + - - *
*******************************************************************************************************
* orquestrating_ms                              * default                        * DEPLOYED           *
*******************************************************************************************************

--> Wrapper Started as Console
Launching a JVM...
Starting the Mule Container...
Wrapper (Version 3.2.3) http://wrapper.tanukisoftware.org
  Copyright 1999-2006 Tanuki Software, Inc.  All Rights Reserved.

INFO  2017-07-12 11:32:58,783 [WrapperListener_start_runner] org.mule.module.launcher.MuleContainer: 
**********************************************************************
* Mule ESB and Integration Platform                                  *
* Version: 3.6.1 Build: b795785f                                     *
* MuleSoft, Inc.                                                     *
* For more information go to http://www.mulesoft.org                 *
*                                                                    *
* Server started: 7/12/17 11:32 AM                                   *
* JDK: 1.7.0_80 (mixed mode)                                         *
* OS: Linux (3.13.0-119-generic, amd64)                              *
* Host: 22543e03411a (192.0.0.2)                                     *
**********************************************************************
INFO  2017-07-12 11:32:58,787 [WrapperListener_start_runner] org.mule.module.launcher.coreextension.DefaultMuleCoreExtensionManager: Initializing core extensions
INFO  2017-07-12 11:32:58,787 [WrapperListener_start_runner] org.mule.module.launcher.coreextension.DefaultMuleCoreExtensionManager: Starting core extensions
INFO  2017-07-12 11:32:58,800 [WrapperListener_start_runner] org.mule.module.launcher.DefaultArchiveDeployer: ================== New Exploded Artifact: default
INFO  2017-07-12 11:32:58,809 [WrapperListener_start_runner] org.mule.module.launcher.MuleSharedDomainClassLoader: Using domain dir /opt/mule/domains/default for domain default
INFO  2017-07-12 11:32:58,894 [WrapperListener_start_runner] org.mule.module.launcher.MuleDeploymentService: 
++++++++++++++++++++++++++++++++++++++++++++++++++++++++++++
+ Started domain 'default'                                 +
++++++++++++++++++++++++++++++++++++++++++++++++++++++++++++
INFO  2017-07-12 11:32:58,926 [WrapperListener_start_runner] org.mule.module.launcher.DefaultArchiveDeployer: ================== New Exploded Artifact: orquestrating_ms
INFO  2017-07-12 11:32:58,969 [WrapperListener_start_runner] org.mule.module.launcher.application.DefaultMuleApplication: 
++++++++++++++++++++++++++++++++++++++++++++++++++++++++++++
+ New app 'orquestrating_ms'                               +
++++++++++++++++++++++++++++++++++++++++++++++++++++++++++++
INFO  2017-07-12 11:32:58,978 [WrapperListener_start_runner] org.mule.module.launcher.MuleApplicationClassLoader: [orquestrating_ms] Loading the following jars:
=============================
file:/opt/mule/apps/orquestrating_ms/lib/mysql-connector-java-5.1.42-bin.jar
=============================

INFO  2017-07-12 11:33:04,129 [WrapperListener_start_runner] org.mule.module.launcher.MuleDeploymentService: 
++++++++++++++++++++++++++++++++++++++++++++++++++++++++++++
+ Started app 'orquestrating_ms'                           +
++++++++++++++++++++++++++++++++++++++++++++++++++++++++++++
INFO  2017-07-12 11:33:04,134 [WrapperListener_start_runner] org.mule.module.launcher.DeploymentDirectoryWatcher: 
++++++++++++++++++++++++++++++++++++++++++++++++++++++++++++
+ Mule is up and kicking (every 5000ms)                    +
++++++++++++++++++++++++++++++++++++++++++++++++++++++++++++
INFO  2017-07-12 11:33:04,224 [WrapperListener_start_runner] org.mule.module.launcher.StartupSummaryDeploymentListener: 
**********************************************************************
*              - - + DOMAIN + - -               * - - + STATUS + - - *
**********************************************************************
* default                                       * DEPLOYED           *
**********************************************************************

*******************************************************************************************************
*            - - + APPLICATION + - -            *       - - + DOMAIN + - -       * - - + STATUS + - - *
*******************************************************************************************************
* orquestrating_ms                              * default                        * DEPLOYED           *
*******************************************************************************************************

--> Wrapper Started as Console
Launching a JVM...
Starting the Mule Container...
Wrapper (Version 3.2.3) http://wrapper.tanukisoftware.org
  Copyright 1999-2006 Tanuki Software, Inc.  All Rights Reserved.

INFO  2017-07-13 08:20:31,764 [WrapperListener_start_runner] org.mule.module.launcher.MuleContainer: 
**********************************************************************
* Mule ESB and Integration Platform                                  *
* Version: 3.6.1 Build: b795785f                                     *
* MuleSoft, Inc.                                                     *
* For more information go to http://www.mulesoft.org                 *
*                                                                    *
* Server started: 7/13/17 8:20 AM                                    *
* JDK: 1.7.0_80 (mixed mode)                                         *
* OS: Linux (3.13.0-119-generic, amd64)                              *
* Host: 73303ecc770b (192.0.0.2)                                     *
**********************************************************************
INFO  2017-07-13 08:20:31,768 [WrapperListener_start_runner] org.mule.module.launcher.coreextension.DefaultMuleCoreExtensionManager: Initializing core extensions
INFO  2017-07-13 08:20:31,768 [WrapperListener_start_runner] org.mule.module.launcher.coreextension.DefaultMuleCoreExtensionManager: Starting core extensions
INFO  2017-07-13 08:20:31,808 [WrapperListener_start_runner] org.mule.module.launcher.DefaultArchiveDeployer: ================== New Exploded Artifact: default
INFO  2017-07-13 08:20:31,822 [WrapperListener_start_runner] org.mule.module.launcher.MuleSharedDomainClassLoader: Using domain dir /opt/mule/domains/default for domain default
INFO  2017-07-13 08:20:31,911 [WrapperListener_start_runner] org.mule.module.launcher.MuleDeploymentService: 
++++++++++++++++++++++++++++++++++++++++++++++++++++++++++++
+ Started domain 'default'                                 +
++++++++++++++++++++++++++++++++++++++++++++++++++++++++++++
INFO  2017-07-13 08:20:31,926 [WrapperListener_start_runner] org.mule.module.launcher.ArtifactArchiveInstaller: Exploding a Mule artifact archive: file:/opt/mule/apps/orquestrating_ms.zip
INFO  2017-07-13 08:20:32,220 [WrapperListener_start_runner] org.mule.module.launcher.application.DefaultMuleApplication: 
++++++++++++++++++++++++++++++++++++++++++++++++++++++++++++
+ New app 'orquestrating_ms'                               +
++++++++++++++++++++++++++++++++++++++++++++++++++++++++++++
INFO  2017-07-13 08:20:32,230 [WrapperListener_start_runner] org.mule.module.launcher.MuleApplicationClassLoader: [orquestrating_ms] Loading the following jars:
=============================
file:/opt/mule/apps/orquestrating_ms/lib/mysql-connector-java-5.1.42-bin.jar
=============================

INFO  2017-07-13 08:20:39,048 [WrapperListener_start_runner] org.mule.module.launcher.MuleDeploymentService: 
++++++++++++++++++++++++++++++++++++++++++++++++++++++++++++
+ Started app 'orquestrating_ms'                           +
++++++++++++++++++++++++++++++++++++++++++++++++++++++++++++
INFO  2017-07-13 08:20:39,055 [WrapperListener_start_runner] org.mule.module.launcher.DeploymentDirectoryWatcher: 
++++++++++++++++++++++++++++++++++++++++++++++++++++++++++++
+ Mule is up and kicking (every 5000ms)                    +
++++++++++++++++++++++++++++++++++++++++++++++++++++++++++++
INFO  2017-07-13 08:20:39,189 [WrapperListener_start_runner] org.mule.module.launcher.StartupSummaryDeploymentListener: 
**********************************************************************
*              - - + DOMAIN + - -               * - - + STATUS + - - *
**********************************************************************
* default                                       * DEPLOYED           *
**********************************************************************

*******************************************************************************************************
*            - - + APPLICATION + - -            *       - - + DOMAIN + - -       * - - + STATUS + - - *
*******************************************************************************************************
* orquestrating_ms                              * default                        * DEPLOYED           *
*******************************************************************************************************

--> Wrapper Started as Console
Launching a JVM...
Starting the Mule Container...
Wrapper (Version 3.2.3) http://wrapper.tanukisoftware.org
  Copyright 1999-2006 Tanuki Software, Inc.  All Rights Reserved.

INFO  2017-07-19 09:38:28,857 [WrapperListener_start_runner] org.mule.module.launcher.MuleContainer: 
**********************************************************************
* Mule ESB and Integration Platform                                  *
* Version: 3.6.1 Build: b795785f                                     *
* MuleSoft, Inc.                                                     *
* For more information go to http://www.mulesoft.org                 *
*                                                                    *
* Server started: 7/19/17 9:38 AM                                    *
* JDK: 1.7.0_80 (mixed mode)                                         *
* OS: Linux (3.13.0-119-generic, amd64)                              *
* Host: 90a2d385a128 (172.17.0.2)                                    *
**********************************************************************
INFO  2017-07-19 09:38:28,861 [WrapperListener_start_runner] org.mule.module.launcher.coreextension.DefaultMuleCoreExtensionManager: Initializing core extensions
INFO  2017-07-19 09:38:28,862 [WrapperListener_start_runner] org.mule.module.launcher.coreextension.DefaultMuleCoreExtensionManager: Starting core extensions
INFO  2017-07-19 09:38:28,874 [WrapperListener_start_runner] org.mule.module.launcher.DefaultArchiveDeployer: ================== New Exploded Artifact: default
INFO  2017-07-19 09:38:28,881 [WrapperListener_start_runner] org.mule.module.launcher.MuleSharedDomainClassLoader: Using domain dir /opt/mule/domains/default for domain default
INFO  2017-07-19 09:38:28,992 [WrapperListener_start_runner] org.mule.module.launcher.MuleDeploymentService: 
++++++++++++++++++++++++++++++++++++++++++++++++++++++++++++
+ Started domain 'default'                                 +
++++++++++++++++++++++++++++++++++++++++++++++++++++++++++++
INFO  2017-07-19 09:38:29,006 [WrapperListener_start_runner] org.mule.module.launcher.DefaultArchiveDeployer: ================== New Exploded Artifact: orquestrating_ms
INFO  2017-07-19 09:38:29,076 [WrapperListener_start_runner] org.mule.module.launcher.application.DefaultMuleApplication: 
++++++++++++++++++++++++++++++++++++++++++++++++++++++++++++
+ New app 'orquestrating_ms'                               +
++++++++++++++++++++++++++++++++++++++++++++++++++++++++++++
INFO  2017-07-19 09:38:29,084 [WrapperListener_start_runner] org.mule.module.launcher.MuleApplicationClassLoader: [orquestrating_ms] Loading the following jars:
=============================
file:/opt/mule/apps/orquestrating_ms/lib/mysql-connector-java-5.1.42-bin.jar
=============================

INFO  2017-07-19 09:38:34,610 [WrapperListener_start_runner] org.mule.module.launcher.MuleDeploymentService: 
++++++++++++++++++++++++++++++++++++++++++++++++++++++++++++
+ Started app 'orquestrating_ms'                           +
++++++++++++++++++++++++++++++++++++++++++++++++++++++++++++
INFO  2017-07-19 09:38:34,615 [WrapperListener_start_runner] org.mule.module.launcher.DeploymentDirectoryWatcher: 
++++++++++++++++++++++++++++++++++++++++++++++++++++++++++++
+ Mule is up and kicking (every 5000ms)                    +
++++++++++++++++++++++++++++++++++++++++++++++++++++++++++++
INFO  2017-07-19 09:38:34,723 [WrapperListener_start_runner] org.mule.module.launcher.StartupSummaryDeploymentListener: 
**********************************************************************
*              - - + DOMAIN + - -               * - - + STATUS + - - *
**********************************************************************
* default                                       * DEPLOYED           *
**********************************************************************

*******************************************************************************************************
*            - - + APPLICATION + - -            *       - - + DOMAIN + - -       * - - + STATUS + - - *
*******************************************************************************************************
* orquestrating_ms                              * default                        * DEPLOYED           *
*******************************************************************************************************

--> Wrapper Started as Console
Launching a JVM...
Starting the Mule Container...
Wrapper (Version 3.2.3) http://wrapper.tanukisoftware.org
  Copyright 1999-2006 Tanuki Software, Inc.  All Rights Reserved.

INFO  2017-07-21 10:14:28,474 [WrapperListener_start_runner] org.mule.module.launcher.MuleContainer: 
**********************************************************************
* Mule ESB and Integration Platform                                  *
* Version: 3.6.1 Build: b795785f                                     *
* MuleSoft, Inc.                                                     *
* For more information go to http://www.mulesoft.org                 *
*                                                                    *
* Server started: 7/21/17 10:14 AM                                   *
* JDK: 1.7.0_80 (mixed mode)                                         *
* OS: Linux (3.13.0-119-generic, amd64)                              *
* Host: 09e25f851764 (172.17.0.4)                                    *
**********************************************************************
INFO  2017-07-21 10:14:28,479 [WrapperListener_start_runner] org.mule.module.launcher.coreextension.DefaultMuleCoreExtensionManager: Initializing core extensions
INFO  2017-07-21 10:14:28,479 [WrapperListener_start_runner] org.mule.module.launcher.coreextension.DefaultMuleCoreExtensionManager: Starting core extensions
INFO  2017-07-21 10:14:28,495 [WrapperListener_start_runner] org.mule.module.launcher.DefaultArchiveDeployer: ================== New Exploded Artifact: default
INFO  2017-07-21 10:14:28,504 [WrapperListener_start_runner] org.mule.module.launcher.MuleSharedDomainClassLoader: Using domain dir /opt/mule/domains/default for domain default
INFO  2017-07-21 10:14:28,627 [WrapperListener_start_runner] org.mule.module.launcher.MuleDeploymentService: 
++++++++++++++++++++++++++++++++++++++++++++++++++++++++++++
+ Started domain 'default'                                 +
++++++++++++++++++++++++++++++++++++++++++++++++++++++++++++
INFO  2017-07-21 10:14:28,659 [WrapperListener_start_runner] org.mule.module.launcher.DefaultArchiveDeployer: ================== New Exploded Artifact: orquestrating_ms
INFO  2017-07-21 10:14:28,746 [WrapperListener_start_runner] org.mule.module.launcher.application.DefaultMuleApplication: 
++++++++++++++++++++++++++++++++++++++++++++++++++++++++++++
+ New app 'orquestrating_ms'                               +
++++++++++++++++++++++++++++++++++++++++++++++++++++++++++++
INFO  2017-07-21 10:14:28,757 [WrapperListener_start_runner] org.mule.module.launcher.MuleApplicationClassLoader: [orquestrating_ms] Loading the following jars:
=============================
file:/opt/mule/apps/orquestrating_ms/lib/mysql-connector-java-5.1.42-bin.jar
=============================

INFO  2017-07-21 10:14:36,851 [WrapperListener_start_runner] org.mule.module.launcher.MuleDeploymentService: 
++++++++++++++++++++++++++++++++++++++++++++++++++++++++++++
+ Started app 'orquestrating_ms'                           +
++++++++++++++++++++++++++++++++++++++++++++++++++++++++++++
INFO  2017-07-21 10:14:36,859 [WrapperListener_start_runner] org.mule.module.launcher.DeploymentDirectoryWatcher: 
++++++++++++++++++++++++++++++++++++++++++++++++++++++++++++
+ Mule is up and kicking (every 5000ms)                    +
++++++++++++++++++++++++++++++++++++++++++++++++++++++++++++
INFO  2017-07-21 10:14:37,016 [WrapperListener_start_runner] org.mule.module.launcher.StartupSummaryDeploymentListener: 
**********************************************************************
*              - - + DOMAIN + - -               * - - + STATUS + - - *
**********************************************************************
* default                                       * DEPLOYED           *
**********************************************************************

*******************************************************************************************************
*            - - + APPLICATION + - -            *       - - + DOMAIN + - -       * - - + STATUS + - - *
*******************************************************************************************************
* orquestrating_ms                              * default                        * DEPLOYED           *
*******************************************************************************************************

